2020-12-03 16:48:32,962 [INFO] com.znrktkc.SpringBootProject.SpringBootProjectApplication [main] Starting SpringBootProjectApplication using Java 15.0.1 on DESKTOP-3E0E0EM with PID 12080 (C:\Users\znrkt\git\springBootBackendProject\SpringBootProject\SpringBootProject\target\classes started by znrktkc in C:\Users\znrkt\git\springBootBackendProject\SpringBootProject\SpringBootProject)
2020-12-03 16:48:32,965 [DEBUG] com.znrktkc.SpringBootProject.SpringBootProjectApplication [main] Running with Spring Boot v2.4.0, Spring v5.3.1
2020-12-03 16:48:32,966 [INFO] com.znrktkc.SpringBootProject.SpringBootProjectApplication [main] No active profile set, falling back to default profiles: default
2020-12-03 16:48:33,860 [INFO] org.springframework.data.repository.config.RepositoryConfigurationDelegate [main] Bootstrapping Spring Data JPA repositories in DEFERRED mode.
2020-12-03 16:48:33,919 [INFO] org.springframework.data.repository.config.RepositoryConfigurationDelegate [main] Finished Spring Data repository scanning in 52 ms. Found 3 JPA repository interfaces.
2020-12-03 16:48:34,407 [INFO] org.springframework.boot.web.embedded.tomcat.TomcatWebServer [main] Tomcat initialized with port(s): 8082 (http)
2020-12-03 16:48:34,417 [INFO] org.apache.catalina.core.StandardService [main] Starting service [Tomcat]
2020-12-03 16:48:34,418 [INFO] org.apache.catalina.core.StandardEngine [main] Starting Servlet engine: [Apache Tomcat/9.0.39]
2020-12-03 16:48:34,528 [INFO] org.apache.catalina.core.ContainerBase.[Tomcat].[localhost].[/] [main] Initializing Spring embedded WebApplicationContext
2020-12-03 16:48:34,529 [INFO] org.springframework.boot.web.servlet.context.ServletWebServerApplicationContext [main] Root WebApplicationContext: initialization completed in 1483 ms
2020-12-03 16:48:34,589 [WARN] org.springframework.boot.autoconfigure.orm.jpa.JpaBaseConfiguration$JpaWebConfiguration [main] spring.jpa.open-in-view is enabled by default. Therefore, database queries may be performed during view rendering. Explicitly configure spring.jpa.open-in-view to disable this warning
2020-12-03 16:48:34,693 [INFO] org.springframework.scheduling.concurrent.ThreadPoolTaskExecutor [main] Initializing ExecutorService 'applicationTaskExecutor'
2020-12-03 16:48:34,734 [INFO] org.hibernate.jpa.internal.util.LogHelper [task-1] HHH000204: Processing PersistenceUnitInfo [name: default]
2020-12-03 16:48:34,796 [INFO] org.hibernate.Version [task-1] HHH000412: Hibernate ORM core version 5.4.23.Final
2020-12-03 16:48:34,960 [INFO] org.hibernate.annotations.common.Version [task-1] HCANN000001: Hibernate Commons Annotations {5.1.2.Final}
2020-12-03 16:48:34,988 [INFO] org.springframework.security.web.DefaultSecurityFilterChain [main] Will secure any request with [org.springframework.security.web.context.request.async.WebAsyncManagerIntegrationFilter@19c1820d, org.springframework.security.web.context.SecurityContextPersistenceFilter@66383c29, org.springframework.security.web.header.HeaderWriterFilter@461c3709, org.springframework.security.web.csrf.CsrfFilter@6fc0bbc6, org.springframework.security.web.authentication.logout.LogoutFilter@66bf40e5, org.springframework.security.web.authentication.UsernamePasswordAuthenticationFilter@3332c7a5, org.springframework.security.web.authentication.ui.DefaultLoginPageGeneratingFilter@77d381e6, org.springframework.security.web.authentication.ui.DefaultLogoutPageGeneratingFilter@40709f9, org.springframework.security.web.savedrequest.RequestCacheAwareFilter@5d152bcd, org.springframework.security.web.servletapi.SecurityContextHolderAwareRequestFilter@6f8e9d06, org.springframework.security.web.authentication.rememberme.RememberMeAuthenticationFilter@3e39baf0, org.springframework.security.web.authentication.AnonymousAuthenticationFilter@6b1b19cf, org.springframework.security.web.session.SessionManagementFilter@3f63a513, org.springframework.security.web.access.ExceptionTranslationFilter@38291795, org.springframework.security.web.access.intercept.FilterSecurityInterceptor@76ff68c5]
2020-12-03 16:48:35,072 [INFO] com.zaxxer.hikari.HikariDataSource [task-1] HikariPool-1 - Starting...
2020-12-03 16:48:35,270 [INFO] com.zaxxer.hikari.HikariDataSource [task-1] HikariPool-1 - Start completed.
2020-12-03 16:48:35,291 [INFO] org.hibernate.dialect.Dialect [task-1] HHH000400: Using dialect: org.hibernate.dialect.MySQL55Dialect
2020-12-03 16:48:35,426 [INFO] org.springframework.boot.web.embedded.tomcat.TomcatWebServer [main] Tomcat started on port(s): 8082 (http) with context path ''
2020-12-03 16:48:35,429 [INFO] org.springframework.data.repository.config.DeferredRepositoryInitializationListener [main] Triggering deferred initialization of Spring Data repositories…
2020-12-03 16:48:35,837 [INFO] org.hibernate.engine.transaction.jta.platform.internal.JtaPlatformInitiator [task-1] HHH000490: Using JtaPlatform implementation: [org.hibernate.engine.transaction.jta.platform.internal.NoJtaPlatform]
2020-12-03 16:48:35,846 [INFO] org.springframework.orm.jpa.LocalContainerEntityManagerFactoryBean [task-1] Initialized JPA EntityManagerFactory for persistence unit 'default'
2020-12-03 16:48:36,114 [INFO] org.springframework.data.repository.config.DeferredRepositoryInitializationListener [main] Spring Data repositories initialized!
2020-12-03 16:48:36,125 [INFO] com.znrktkc.SpringBootProject.SpringBootProjectApplication [main] Started SpringBootProjectApplication in 3.854 seconds (JVM running for 4.857)
2020-12-03 16:48:55,487 [INFO] org.apache.catalina.core.ContainerBase.[Tomcat].[localhost].[/] [http-nio-8082-exec-1] Initializing Spring DispatcherServlet 'dispatcherServlet'
2020-12-03 16:48:55,487 [INFO] org.springframework.web.servlet.DispatcherServlet [http-nio-8082-exec-1] Initializing Servlet 'dispatcherServlet'
2020-12-03 16:48:55,488 [INFO] org.springframework.web.servlet.DispatcherServlet [http-nio-8082-exec-1] Completed initialization in 1 ms
2020-12-03 16:48:55,692 [DEBUG] com.znrktkc.SpringBootProject.controller.UserController [http-nio-8082-exec-1] saveUser started with username: znrktkc
2020-12-03 16:57:59,131 [INFO] com.znrktkc.SpringBootProject.SpringBootProjectApplication [main] Starting SpringBootProjectApplication using Java 15.0.1 on DESKTOP-3E0E0EM with PID 3760 (C:\Users\znrkt\git\springBootBackendProject\SpringBootProject\SpringBootProject\target\classes started by znrktkc in C:\Users\znrkt\git\springBootBackendProject\SpringBootProject\SpringBootProject)
2020-12-03 16:57:59,135 [DEBUG] com.znrktkc.SpringBootProject.SpringBootProjectApplication [main] Running with Spring Boot v2.4.0, Spring v5.3.1
2020-12-03 16:57:59,138 [INFO] com.znrktkc.SpringBootProject.SpringBootProjectApplication [main] No active profile set, falling back to default profiles: default
2020-12-03 16:58:00,125 [INFO] org.springframework.data.repository.config.RepositoryConfigurationDelegate [main] Bootstrapping Spring Data JPA repositories in DEFERRED mode.
2020-12-03 16:58:00,185 [INFO] org.springframework.data.repository.config.RepositoryConfigurationDelegate [main] Finished Spring Data repository scanning in 51 ms. Found 3 JPA repository interfaces.
2020-12-03 16:58:00,691 [INFO] org.springframework.boot.web.embedded.tomcat.TomcatWebServer [main] Tomcat initialized with port(s): 8082 (http)
2020-12-03 16:58:00,698 [INFO] org.apache.catalina.core.StandardService [main] Starting service [Tomcat]
2020-12-03 16:58:00,699 [INFO] org.apache.catalina.core.StandardEngine [main] Starting Servlet engine: [Apache Tomcat/9.0.39]
2020-12-03 16:58:00,813 [INFO] org.apache.catalina.core.ContainerBase.[Tomcat].[localhost].[/] [main] Initializing Spring embedded WebApplicationContext
2020-12-03 16:58:00,814 [INFO] org.springframework.boot.web.servlet.context.ServletWebServerApplicationContext [main] Root WebApplicationContext: initialization completed in 1599 ms
2020-12-03 16:58:00,936 [WARN] org.springframework.boot.autoconfigure.orm.jpa.JpaBaseConfiguration$JpaWebConfiguration [main] spring.jpa.open-in-view is enabled by default. Therefore, database queries may be performed during view rendering. Explicitly configure spring.jpa.open-in-view to disable this warning
2020-12-03 16:58:01,050 [INFO] org.springframework.scheduling.concurrent.ThreadPoolTaskExecutor [main] Initializing ExecutorService 'applicationTaskExecutor'
2020-12-03 16:58:01,084 [INFO] org.hibernate.jpa.internal.util.LogHelper [task-1] HHH000204: Processing PersistenceUnitInfo [name: default]
2020-12-03 16:58:01,132 [INFO] org.hibernate.Version [task-1] HHH000412: Hibernate ORM core version 5.4.23.Final
2020-12-03 16:58:01,253 [INFO] org.hibernate.annotations.common.Version [task-1] HCANN000001: Hibernate Commons Annotations {5.1.2.Final}
2020-12-03 16:58:01,292 [INFO] org.springframework.security.web.DefaultSecurityFilterChain [main] Will secure any request with [org.springframework.security.web.context.request.async.WebAsyncManagerIntegrationFilter@2a8a3ada, org.springframework.security.web.context.SecurityContextPersistenceFilter@3f6f3cc, org.springframework.security.web.header.HeaderWriterFilter@47acd13b, org.springframework.security.web.csrf.CsrfFilter@38291795, org.springframework.security.web.authentication.logout.LogoutFilter@f557c37, org.springframework.security.web.authentication.UsernamePasswordAuthenticationFilter@1f87607c, org.springframework.security.web.authentication.ui.DefaultLoginPageGeneratingFilter@2839e3c8, org.springframework.security.web.authentication.ui.DefaultLogoutPageGeneratingFilter@500051c5, org.springframework.security.web.savedrequest.RequestCacheAwareFilter@733c464f, org.springframework.security.web.servletapi.SecurityContextHolderAwareRequestFilter@5974b7e8, org.springframework.security.web.authentication.rememberme.RememberMeAuthenticationFilter@6ddee60f, org.springframework.security.web.authentication.AnonymousAuthenticationFilter@ec7b5de, org.springframework.security.web.session.SessionManagementFilter@77d381e6, org.springframework.security.web.access.ExceptionTranslationFilter@1450131a, org.springframework.security.web.access.intercept.FilterSecurityInterceptor@76d7881e]
2020-12-03 16:58:01,349 [INFO] com.zaxxer.hikari.HikariDataSource [task-1] HikariPool-1 - Starting...
2020-12-03 16:58:01,525 [INFO] com.zaxxer.hikari.HikariDataSource [task-1] HikariPool-1 - Start completed.
2020-12-03 16:58:01,549 [INFO] org.hibernate.dialect.Dialect [task-1] HHH000400: Using dialect: org.hibernate.dialect.MySQL55Dialect
2020-12-03 16:58:01,711 [INFO] org.springframework.boot.web.embedded.tomcat.TomcatWebServer [main] Tomcat started on port(s): 8082 (http) with context path ''
2020-12-03 16:58:01,714 [INFO] org.springframework.data.repository.config.DeferredRepositoryInitializationListener [main] Triggering deferred initialization of Spring Data repositories…
2020-12-03 16:58:02,147 [INFO] org.hibernate.engine.transaction.jta.platform.internal.JtaPlatformInitiator [task-1] HHH000490: Using JtaPlatform implementation: [org.hibernate.engine.transaction.jta.platform.internal.NoJtaPlatform]
2020-12-03 16:58:02,160 [INFO] org.springframework.orm.jpa.LocalContainerEntityManagerFactoryBean [task-1] Initialized JPA EntityManagerFactory for persistence unit 'default'
2020-12-03 16:58:02,426 [INFO] org.springframework.data.repository.config.DeferredRepositoryInitializationListener [main] Spring Data repositories initialized!
2020-12-03 16:58:02,436 [INFO] com.znrktkc.SpringBootProject.SpringBootProjectApplication [main] Started SpringBootProjectApplication in 4.019 seconds (JVM running for 5.046)
2020-12-03 17:19:57,137 [INFO] com.znrktkc.SpringBootProject.SpringBootProjectApplication [main] Starting SpringBootProjectApplication using Java 15.0.1 on DESKTOP-3E0E0EM with PID 6516 (C:\Users\znrkt\git\springBootBackendProject\SpringBootProject\SpringBootProject\target\classes started by znrktkc in C:\Users\znrkt\git\springBootBackendProject\SpringBootProject\SpringBootProject)
2020-12-03 17:19:57,141 [DEBUG] com.znrktkc.SpringBootProject.SpringBootProjectApplication [main] Running with Spring Boot v2.4.0, Spring v5.3.1
2020-12-03 17:19:57,145 [INFO] com.znrktkc.SpringBootProject.SpringBootProjectApplication [main] No active profile set, falling back to default profiles: default
2020-12-03 17:19:58,226 [INFO] org.springframework.data.repository.config.RepositoryConfigurationDelegate [main] Bootstrapping Spring Data JPA repositories in DEFERRED mode.
2020-12-03 17:19:58,289 [INFO] org.springframework.data.repository.config.RepositoryConfigurationDelegate [main] Finished Spring Data repository scanning in 54 ms. Found 3 JPA repository interfaces.
2020-12-03 17:19:58,771 [INFO] org.springframework.boot.web.embedded.tomcat.TomcatWebServer [main] Tomcat initialized with port(s): 8082 (http)
2020-12-03 17:19:58,779 [INFO] org.apache.catalina.core.StandardService [main] Starting service [Tomcat]
2020-12-03 17:19:58,779 [INFO] org.apache.catalina.core.StandardEngine [main] Starting Servlet engine: [Apache Tomcat/9.0.39]
2020-12-03 17:19:58,895 [INFO] org.apache.catalina.core.ContainerBase.[Tomcat].[localhost].[/] [main] Initializing Spring embedded WebApplicationContext
2020-12-03 17:19:58,895 [INFO] org.springframework.boot.web.servlet.context.ServletWebServerApplicationContext [main] Root WebApplicationContext: initialization completed in 1620 ms
2020-12-03 17:19:58,970 [WARN] org.springframework.boot.autoconfigure.orm.jpa.JpaBaseConfiguration$JpaWebConfiguration [main] spring.jpa.open-in-view is enabled by default. Therefore, database queries may be performed during view rendering. Explicitly configure spring.jpa.open-in-view to disable this warning
2020-12-03 17:19:59,105 [INFO] org.springframework.scheduling.concurrent.ThreadPoolTaskExecutor [main] Initializing ExecutorService 'applicationTaskExecutor'
2020-12-03 17:19:59,158 [INFO] org.hibernate.jpa.internal.util.LogHelper [task-1] HHH000204: Processing PersistenceUnitInfo [name: default]
2020-12-03 17:19:59,230 [INFO] org.hibernate.Version [task-1] HHH000412: Hibernate ORM core version 5.4.23.Final
2020-12-03 17:19:59,419 [INFO] org.hibernate.annotations.common.Version [task-1] HCANN000001: Hibernate Commons Annotations {5.1.2.Final}
2020-12-03 17:19:59,454 [INFO] org.springframework.security.web.DefaultSecurityFilterChain [main] Will secure any request with [org.springframework.security.web.context.request.async.WebAsyncManagerIntegrationFilter@373e6b9d, org.springframework.security.web.context.SecurityContextPersistenceFilter@73fbdf68, org.springframework.security.web.header.HeaderWriterFilter@3f6f3cc, org.springframework.security.web.csrf.CsrfFilter@461c3709, org.springframework.security.web.authentication.logout.LogoutFilter@5a058be5, org.springframework.security.web.authentication.UsernamePasswordAuthenticationFilter@4aa2877c, org.springframework.security.web.authentication.ui.DefaultLoginPageGeneratingFilter@39666e42, org.springframework.security.web.authentication.ui.DefaultLogoutPageGeneratingFilter@65629ac6, org.springframework.security.web.savedrequest.RequestCacheAwareFilter@236eccd1, org.springframework.security.web.servletapi.SecurityContextHolderAwareRequestFilter@5e26f1ed, org.springframework.security.web.authentication.rememberme.RememberMeAuthenticationFilter@2a8a3ada, org.springframework.security.web.authentication.AnonymousAuthenticationFilter@56b8aaf1, org.springframework.security.web.session.SessionManagementFilter@733c464f, org.springframework.security.web.access.ExceptionTranslationFilter@47acd13b, org.springframework.security.web.access.intercept.FilterSecurityInterceptor@4d09cade]
2020-12-03 17:19:59,543 [INFO] com.zaxxer.hikari.HikariDataSource [task-1] HikariPool-1 - Starting...
2020-12-03 17:19:59,742 [INFO] com.zaxxer.hikari.HikariDataSource [task-1] HikariPool-1 - Start completed.
2020-12-03 17:19:59,767 [INFO] org.hibernate.dialect.Dialect [task-1] HHH000400: Using dialect: org.hibernate.dialect.MySQL55Dialect
2020-12-03 17:19:59,907 [INFO] org.springframework.boot.web.embedded.tomcat.TomcatWebServer [main] Tomcat started on port(s): 8082 (http) with context path ''
2020-12-03 17:19:59,910 [INFO] org.springframework.data.repository.config.DeferredRepositoryInitializationListener [main] Triggering deferred initialization of Spring Data repositories…
2020-12-03 17:20:00,334 [INFO] org.hibernate.engine.transaction.jta.platform.internal.JtaPlatformInitiator [task-1] HHH000490: Using JtaPlatform implementation: [org.hibernate.engine.transaction.jta.platform.internal.NoJtaPlatform]
2020-12-03 17:20:00,341 [INFO] org.springframework.orm.jpa.LocalContainerEntityManagerFactoryBean [task-1] Initialized JPA EntityManagerFactory for persistence unit 'default'
2020-12-03 17:20:00,601 [INFO] org.springframework.data.repository.config.DeferredRepositoryInitializationListener [main] Spring Data repositories initialized!
2020-12-03 17:20:00,611 [INFO] com.znrktkc.SpringBootProject.SpringBootProjectApplication [main] Started SpringBootProjectApplication in 4.141 seconds (JVM running for 5.173)
2020-12-03 17:25:04,418 [INFO] com.znrktkc.SpringBootProject.SpringBootProjectApplication [main] Starting SpringBootProjectApplication using Java 15.0.1 on DESKTOP-3E0E0EM with PID 7500 (C:\Users\znrkt\git\springBootBackendProject\SpringBootProject\SpringBootProject\target\classes started by znrktkc in C:\Users\znrkt\git\springBootBackendProject\SpringBootProject\SpringBootProject)
2020-12-03 17:25:04,421 [DEBUG] com.znrktkc.SpringBootProject.SpringBootProjectApplication [main] Running with Spring Boot v2.4.0, Spring v5.3.1
2020-12-03 17:25:04,421 [INFO] com.znrktkc.SpringBootProject.SpringBootProjectApplication [main] No active profile set, falling back to default profiles: default
2020-12-03 17:25:05,488 [INFO] org.springframework.data.repository.config.RepositoryConfigurationDelegate [main] Bootstrapping Spring Data JPA repositories in DEFERRED mode.
2020-12-03 17:25:05,552 [INFO] org.springframework.data.repository.config.RepositoryConfigurationDelegate [main] Finished Spring Data repository scanning in 55 ms. Found 3 JPA repository interfaces.
2020-12-03 17:25:06,019 [INFO] org.springframework.boot.web.embedded.tomcat.TomcatWebServer [main] Tomcat initialized with port(s): 8082 (http)
2020-12-03 17:25:06,026 [INFO] org.apache.catalina.core.StandardService [main] Starting service [Tomcat]
2020-12-03 17:25:06,027 [INFO] org.apache.catalina.core.StandardEngine [main] Starting Servlet engine: [Apache Tomcat/9.0.39]
2020-12-03 17:25:06,145 [INFO] org.apache.catalina.core.ContainerBase.[Tomcat].[localhost].[/] [main] Initializing Spring embedded WebApplicationContext
2020-12-03 17:25:06,145 [INFO] org.springframework.boot.web.servlet.context.ServletWebServerApplicationContext [main] Root WebApplicationContext: initialization completed in 1597 ms
2020-12-03 17:25:06,231 [WARN] org.springframework.boot.autoconfigure.orm.jpa.JpaBaseConfiguration$JpaWebConfiguration [main] spring.jpa.open-in-view is enabled by default. Therefore, database queries may be performed during view rendering. Explicitly configure spring.jpa.open-in-view to disable this warning
2020-12-03 17:25:06,326 [INFO] org.springframework.scheduling.concurrent.ThreadPoolTaskExecutor [main] Initializing ExecutorService 'applicationTaskExecutor'
2020-12-03 17:25:06,361 [INFO] org.hibernate.jpa.internal.util.LogHelper [task-1] HHH000204: Processing PersistenceUnitInfo [name: default]
2020-12-03 17:25:06,413 [INFO] org.hibernate.Version [task-1] HHH000412: Hibernate ORM core version 5.4.23.Final
2020-12-03 17:25:06,533 [INFO] org.hibernate.annotations.common.Version [task-1] HCANN000001: Hibernate Commons Annotations {5.1.2.Final}
2020-12-03 17:25:06,576 [INFO] org.springframework.security.web.DefaultSecurityFilterChain [main] Will secure any request with [org.springframework.security.web.context.request.async.WebAsyncManagerIntegrationFilter@1f87607c, org.springframework.security.web.context.SecurityContextPersistenceFilter@3a36cd5, org.springframework.security.web.header.HeaderWriterFilter@7944b8b4, org.springframework.security.web.csrf.CsrfFilter@5d1b1c2a, org.springframework.security.web.authentication.logout.LogoutFilter@423a0e1d, org.springframework.security.web.authentication.UsernamePasswordAuthenticationFilter@6393bf8b, org.springframework.security.web.authentication.ui.DefaultLoginPageGeneratingFilter@5d512ddb, org.springframework.security.web.authentication.ui.DefaultLogoutPageGeneratingFilter@4b862408, org.springframework.security.web.savedrequest.RequestCacheAwareFilter@47acd13b, org.springframework.security.web.servletapi.SecurityContextHolderAwareRequestFilter@236eccd1, org.springframework.security.web.authentication.rememberme.RememberMeAuthenticationFilter@4aa31ffc, org.springframework.security.web.authentication.AnonymousAuthenticationFilter@6ddee60f, org.springframework.security.web.session.SessionManagementFilter@1450131a, org.springframework.security.web.access.ExceptionTranslationFilter@7f7c420c, org.springframework.security.web.access.intercept.FilterSecurityInterceptor@25a94b55]
2020-12-03 17:25:06,630 [INFO] com.zaxxer.hikari.HikariDataSource [task-1] HikariPool-1 - Starting...
2020-12-03 17:25:06,808 [INFO] com.zaxxer.hikari.HikariDataSource [task-1] HikariPool-1 - Start completed.
2020-12-03 17:25:06,834 [INFO] org.hibernate.dialect.Dialect [task-1] HHH000400: Using dialect: org.hibernate.dialect.MySQL55Dialect
2020-12-03 17:25:07,017 [INFO] org.springframework.boot.web.embedded.tomcat.TomcatWebServer [main] Tomcat started on port(s): 8082 (http) with context path ''
2020-12-03 17:25:07,020 [INFO] org.springframework.data.repository.config.DeferredRepositoryInitializationListener [main] Triggering deferred initialization of Spring Data repositories…
2020-12-03 17:25:07,373 [INFO] org.hibernate.engine.transaction.jta.platform.internal.JtaPlatformInitiator [task-1] HHH000490: Using JtaPlatform implementation: [org.hibernate.engine.transaction.jta.platform.internal.NoJtaPlatform]
2020-12-03 17:25:07,380 [INFO] org.springframework.orm.jpa.LocalContainerEntityManagerFactoryBean [task-1] Initialized JPA EntityManagerFactory for persistence unit 'default'
2020-12-03 17:25:07,653 [INFO] org.springframework.data.repository.config.DeferredRepositoryInitializationListener [main] Spring Data repositories initialized!
2020-12-03 17:25:07,663 [INFO] com.znrktkc.SpringBootProject.SpringBootProjectApplication [main] Started SpringBootProjectApplication in 3.913 seconds (JVM running for 5.018)
